<?xml version="1.0" encoding="UTF-8"?>
<testng-results ignored="0" total="1" passed="1" failed="0" skipped="0">
  <reporter-output>
  </reporter-output>
  <suite started-at="2020-04-22T16:16:41 IST" name="Default suite" finished-at="2020-04-22T16:17:03 IST" duration-ms="21920">
    <groups>
    </groups>
    <test started-at="2020-04-22T16:16:41 IST" name="Default test" finished-at="2020-04-22T16:17:03 IST" duration-ms="21920">
      <class name="com.apidemos.practice.testApp">
        <test-method signature="Test()[pri:0, instance:com.apidemos.practice.testApp@47542153]" started-at="2020-04-22T16:16:41 IST" name="Test" finished-at="2020-04-22T16:17:03 IST" duration-ms="21865" status="PASS">
          <reporter-output>
          </reporter-output>
        </test-method> <!-- Test -->
        <test-method is-config="true" signature="TearDown()[pri:0, instance:com.apidemos.practice.testApp@47542153]" started-at="2020-04-22T16:17:03 IST" name="TearDown" finished-at="2020-04-22T16:17:03 IST" duration-ms="2" status="PASS">
          <reporter-output>
          </reporter-output>
        </test-method> <!-- TearDown -->
      </class> <!-- com.apidemos.practice.testApp -->
    </test> <!-- Default test -->
  </suite> <!-- Default suite -->
</testng-results>
