<?xml version="1.0" encoding="UTF-8"?>
<!-- Generated by org.testng.reporters.JUnitXMLReporter -->
<testsuite ignored="0" hostname="TT-133" failures="0" tests="4" name="Appium Automation Tests" time="56.952" errors="0" timestamp="2020-04-06T12:05:47 IST">
  <testcase classname="com.practice.examples.LoginScreenTest" name="toVerifyScreenTitle" time="3.034"/>
  <testcase classname="com.practice.examples.LoginScreenTest" name="toVerifyLogin" time="10.55"/>
  <testcase classname="com.practice.examples.HomePageScreenTest" name="toVerifyUserIsLoggedIn" time="1.712"/>
  <testcase classname="com.practice.examples.HomePageScreenTest" name="toVerifyPermissionAlert" time="4.255"/>
</testsuite> <!-- Appium Automation Tests -->
